workspace/HowlStagram_f16/app/build/intermediates/manifest_merge_blame_file/debug/manifest-merger-blame-debug-report.txt
1<?xml version="1.0" encoding="utf-8"?>
2<manifest xmlns:android="http://schemas.android.com/apk/res/android"
3    package="com.example.practice03"
4    android:versionCode="1"
5    android:versionName="1.0" >
6
7    <uses-sdk
8        android:minSdkVersion="21"
8-->src\main\AndroidManifest.xml
9        android:targetSdkVersion="30" />
9-->src\main\AndroidManifest.xml
10
11    <uses-permission android:name="android.permission.INTERNET" />
11-->src\main\AndroidManifest.xml:5:5-66
11-->src\main\AndroidManifest.xml:5:22-64
12    <uses-permission android:name="android.permission.ACCESS_NETWORK_STATE" />
12-->[com.google.firebase:firebase-auth:20.0.3] AndroidManifest.xml:24:5-79
12-->[com.google.firebase:firebase-auth:20.0.3] AndroidManifest.xml:24:22-76
13
14    <application
14-->src\main\AndroidManifest.xml:7:5-42:19
15        android:allowBackup="true"
15-->src\main\AndroidManifest.xml:8:9-35
16        android:appComponentFactory="androidx.core.app.CoreComponentFactory"
16-->[androidx.core:core:1.3.2] AndroidManifest.xml:24:18-86
17        android:debuggable="true"
18        android:icon="@mipmap/ic_launcher"
18-->src\main\AndroidManifest.xml:9:9-43
19        android:label="@string/app_name"
19-->src\main\AndroidManifest.xml:10:9-41
20        android:roundIcon="@mipmap/ic_launcher_round"
20-->src\main\AndroidManifest.xml:11:9-54
21        android:supportsRtl="true"
21-->src\main\AndroidManifest.xml:12:9-35
22        android:testOnly="true"
23        android:theme="@style/Theme.Practice03" >
23-->src\main\AndroidManifest.xml:13:9-48
24        <activity android:name="com.example.practice03.LoginActivity" >
24-->src\main\AndroidManifest.xml:14:9-20:20
24-->src\main\AndroidManifest.xml:14:19-48
25            <intent-filter>
25-->src\main\AndroidManifest.xml:15:13-19:29
26                <action android:name="android.intent.action.MAIN" />
26-->src\main\AndroidManifest.xml:16:17-69
26-->src\main\AndroidManifest.xml:16:25-66
27
28                <category android:name="android.intent.category.LAUNCHER" />
28-->src\main\AndroidManifest.xml:18:17-77
28-->src\main\AndroidManifest.xml:18:27-74
29            </intent-filter>
30        </activity>
31        <activity android:name="com.example.practice03.MainActivity" >
31-->src\main\AndroidManifest.xml:21:9-22:20
31-->src\main\AndroidManifest.xml:21:19-47
32        </activity>
33
34        <meta-data
34-->src\main\AndroidManifest.xml:24:9-26:54
35            android:name="com.facebook.sdk.ApplicationId"
35-->src\main\AndroidManifest.xml:25:13-58
36            android:value="@string/facebook_app_id" />
36-->src\main\AndroidManifest.xml:26:13-52
37
38        <activity
38-->src\main\AndroidManifest.xml:27:9-30:48
39            android:name="com.facebook.FacebookActivity"
39-->src\main\AndroidManifest.xml:28:13-57
40            android:configChanges="keyboard|keyboardHidden|screenLayout|screenSize|orientation"
40-->src\main\AndroidManifest.xml:29:13-97
41            android:label="@string/app_name"
41-->src\main\AndroidManifest.xml:30:13-45
42            android:theme="@style/com_facebook_activity_theme" />
42-->[com.facebook.android:facebook-common:4.42.0] AndroidManifest.xml:32:13-63
43        <activity
43-->src\main\AndroidManifest.xml:31:9-40:20
44            android:name="com.facebook.CustomTabActivity"
44-->src\main\AndroidManifest.xml:32:13-58
45            android:exported="true" >
45-->src\main\AndroidManifest.xml:33:13-36
46            <intent-filter>
46-->src\main\AndroidManifest.xml:34:13-39:29
47                <action android:name="android.intent.action.VIEW" />
47-->src\main\AndroidManifest.xml:35:17-69
47-->src\main\AndroidManifest.xml:35:25-66
48
49                <category android:name="android.intent.category.DEFAULT" />
49-->src\main\AndroidManifest.xml:36:17-76
49-->src\main\AndroidManifest.xml:36:27-73
50                <category android:name="android.intent.category.BROWSABLE" />
50-->src\main\AndroidManifest.xml:37:17-78
50-->src\main\AndroidManifest.xml:37:27-75
51
52                <data android:scheme="@string/fb_login_protocol_scheme" />
52-->src\main\AndroidManifest.xml:38:17-75
52-->src\main\AndroidManifest.xml:38:23-72
53            </intent-filter>
54        </activity>
55        <activity android:name="com.facebook.CustomTabMainActivity" />
55-->[com.facebook.android:facebook-common:4.42.0] AndroidManifest.xml:33:9-71
55-->[com.facebook.android:facebook-common:4.42.0] AndroidManifest.xml:33:19-68
56        <activity
56-->[com.google.firebase:firebase-auth:20.0.3] AndroidManifest.xml:27:9-44:20
57            android:name="com.google.firebase.auth.internal.GenericIdpActivity"
57-->[com.google.firebase:firebase-auth:20.0.3] AndroidManifest.xml:28:13-80
58            android:excludeFromRecents="true"
58-->[com.google.firebase:firebase-auth:20.0.3] AndroidManifest.xml:29:13-46
59            android:exported="true"
59-->[com.google.firebase:firebase-auth:20.0.3] AndroidManifest.xml:30:13-36
60            android:launchMode="singleTask"
60-->[com.google.firebase:firebase-auth:20.0.3] AndroidManifest.xml:31:13-44
61            android:theme="@android:style/Theme.Translucent.NoTitleBar" >
61-->[com.google.firebase:firebase-auth:20.0.3] AndroidManifest.xml:32:13-72
62            <intent-filter>
62-->[com.google.firebase:firebase-auth:20.0.3] AndroidManifest.xml:33:13-43:29
63                <action android:name="android.intent.action.VIEW" />
63-->src\main\AndroidManifest.xml:35:17-69
63-->src\main\AndroidManifest.xml:35:25-66
64
65                <category android:name="android.intent.category.DEFAULT" />
65-->src\main\AndroidManifest.xml:36:17-76
65-->src\main\AndroidManifest.xml:36:27-73
66                <category android:name="android.intent.category.BROWSABLE" />
66-->src\main\AndroidManifest.xml:37:17-78
66-->src\main\AndroidManifest.xml:37:27-75
67
68                <data
68-->src\main\AndroidManifest.xml:38:17-75
69                    android:host="firebase.auth"
70                    android:path="/"
71                    android:scheme="genericidp" />
71-->src\main\AndroidManifest.xml:38:23-72
72            </intent-filter>
73        </activity>
74        <activity
74-->[com.google.firebase:firebase-auth:20.0.3] AndroidManifest.xml:45:9-62:20
75            android:name="com.google.firebase.auth.internal.RecaptchaActivity"
75-->[com.google.firebase:firebase-auth:20.0.3] AndroidManifest.xml:46:13-79
76            android:excludeFromRecents="true"
76-->[com.google.firebase:firebase-auth:20.0.3] AndroidManifest.xml:47:13-46
77            android:exported="true"
77-->[com.google.firebase:firebase-auth:20.0.3] AndroidManifest.xml:48:13-36
78            android:launchMode="singleTask"
78-->[com.google.firebase:firebase-auth:20.0.3] AndroidManifest.xml:49:13-44
79            android:theme="@android:style/Theme.Translucent.NoTitleBar" >
79-->[com.google.firebase:firebase-auth:20.0.3] AndroidManifest.xml:50:13-72
80            <intent-filter>
80-->[com.google.firebase:firebase-auth:20.0.3] AndroidManifest.xml:51:13-61:29
81                <action android:name="android.intent.action.VIEW" />
81-->src\main\AndroidManifest.xml:35:17-69
81-->src\main\AndroidManifest.xml:35:25-66
82
83                <category android:name="android.intent.category.DEFAULT" />
83-->src\main\AndroidManifest.xml:36:17-76
83-->src\main\AndroidManifest.xml:36:27-73
84                <category android:name="android.intent.category.BROWSABLE" />
84-->src\main\AndroidManifest.xml:37:17-78
84-->src\main\AndroidManifest.xml:37:27-75
85
86                <data
86-->src\main\AndroidManifest.xml:38:17-75
87                    android:host="firebase.auth"
88                    android:path="/"
89                    android:scheme="recaptcha" />
89-->src\main\AndroidManifest.xml:38:23-72
90            </intent-filter>
91        </activity>
92
93        <service
93-->[com.google.firebase:firebase-auth:20.0.3] AndroidManifest.xml:64:9-73:19
94            android:name="com.google.firebase.auth.api.fallback.service.FirebaseAuthFallbackService"
94-->[com.google.firebase:firebase-auth:20.0.3] AndroidManifest.xml:65:13-101
95            android:enabled="true"
95-->[com.google.firebase:firebase-auth:20.0.3] AndroidManifest.xml:66:13-35
96            android:exported="false" >
96-->[com.google.firebase:firebase-auth:20.0.3] AndroidManifest.xml:67:13-37
97            <intent-filter>
97-->[com.google.firebase:firebase-auth:20.0.3] AndroidManifest.xml:68:13-72:29
98                <action android:name="com.google.firebase.auth.api.gms.service.START" />
98-->[com.google.firebase:firebase-auth:20.0.3] AndroidManifest.xml:69:17-89
98-->[com.google.firebase:firebase-auth:20.0.3] AndroidManifest.xml:69:25-86
99
100                <category android:name="android.intent.category.DEFAULT" />
100-->src\main\AndroidManifest.xml:36:17-76
100-->src\main\AndroidManifest.xml:36:27-73
101            </intent-filter>
102        </service>
103        <service
103-->[com.google.firebase:firebase-auth:20.0.3] AndroidManifest.xml:74:9-80:19
104            android:name="com.google.firebase.components.ComponentDiscoveryService"
104-->[com.google.firebase:firebase-auth:20.0.3] AndroidManifest.xml:75:13-84
105            android:directBootAware="true"
105-->[com.google.firebase:firebase-common:19.4.0] AndroidManifest.xml:35:13-43
106            android:exported="false" >
106-->[com.google.firebase:firebase-auth:20.0.3] AndroidManifest.xml:76:13-37
107            <meta-data
107-->[com.google.firebase:firebase-auth:20.0.3] AndroidManifest.xml:77:13-79:85
108                android:name="com.google.firebase.components:com.google.firebase.auth.FirebaseAuthRegistrar"
108-->[com.google.firebase:firebase-auth:20.0.3] AndroidManifest.xml:78:17-109
109                android:value="com.google.firebase.components.ComponentRegistrar" />
109-->[com.google.firebase:firebase-auth:20.0.3] AndroidManifest.xml:79:17-82
110        </service>
111
112        <activity
112-->[com.google.android.gms:play-services-auth:19.0.0] AndroidManifest.xml:23:9-27:75
113            android:name="com.google.android.gms.auth.api.signin.internal.SignInHubActivity"
113-->[com.google.android.gms:play-services-auth:19.0.0] AndroidManifest.xml:24:13-93
114            android:excludeFromRecents="true"
114-->[com.google.android.gms:play-services-auth:19.0.0] AndroidManifest.xml:25:13-46
115            android:exported="false"
115-->[com.google.android.gms:play-services-auth:19.0.0] AndroidManifest.xml:26:13-37
116            android:theme="@android:style/Theme.Translucent.NoTitleBar" />
116-->[com.google.android.gms:play-services-auth:19.0.0] AndroidManifest.xml:27:13-72
117        <!--
118            Service handling Google Sign-In user revocation. For apps that do not integrate with
119            Google Sign-In, this service will never be started.
120        -->
121        <service
121-->[com.google.android.gms:play-services-auth:19.0.0] AndroidManifest.xml:33:9-37:51
122            android:name="com.google.android.gms.auth.api.signin.RevocationBoundService"
122-->[com.google.android.gms:play-services-auth:19.0.0] AndroidManifest.xml:34:13-89
123            android:exported="true"
123-->[com.google.android.gms:play-services-auth:19.0.0] AndroidManifest.xml:35:13-36
124            android:permission="com.google.android.gms.auth.api.signin.permission.REVOCATION_NOTIFICATION"
124-->[com.google.android.gms:play-services-auth:19.0.0] AndroidManifest.xml:36:13-107
125            android:visibleToInstantApps="true" />
125-->[com.google.android.gms:play-services-auth:19.0.0] AndroidManifest.xml:37:13-48
126
127        <activity
127-->[com.google.android.gms:play-services-base:17.1.0] AndroidManifest.xml:23:9-26:75
128            android:name="com.google.android.gms.common.api.GoogleApiActivity"
128-->[com.google.android.gms:play-services-base:17.1.0] AndroidManifest.xml:24:13-79
129            android:exported="false"
129-->[com.google.android.gms:play-services-base:17.1.0] AndroidManifest.xml:25:13-37
130            android:theme="@android:style/Theme.Translucent.NoTitleBar" />
130-->[com.google.android.gms:play-services-base:17.1.0] AndroidManifest.xml:26:13-72
131
132        <provider
132-->[com.google.firebase:firebase-common:19.4.0] AndroidManifest.xml:26:9-31:39
133            android:name="com.google.firebase.provider.FirebaseInitProvider"
133-->[com.google.firebase:firebase-common:19.4.0] AndroidManifest.xml:27:13-77
134            android:authorities="com.example.practice03.firebaseinitprovider"
134-->[com.google.firebase:firebase-common:19.4.0] AndroidManifest.xml:28:13-72
135            android:directBootAware="true"
135-->[com.google.firebase:firebase-common:19.4.0] AndroidManifest.xml:29:13-43
136            android:exported="false"
136-->[com.google.firebase:firebase-common:19.4.0] AndroidManifest.xml:30:13-37
137            android:initOrder="100" />
137-->[com.google.firebase:firebase-common:19.4.0] AndroidManifest.xml:31:13-36
138
139        <meta-data
139-->[com.google.android.gms:play-services-basement:17.1.1] AndroidManifest.xml:23:9-25:69
140            android:name="com.google.android.gms.version"
140-->[com.google.android.gms:play-services-basement:17.1.1] AndroidManifest.xml:24:13-58
141            android:value="@integer/google_play_services_version" />
141-->[com.google.android.gms:play-services-basement:17.1.1] AndroidManifest.xml:25:13-66
142        <!--
143         The initialization ContentProvider will call FacebookSdk.sdkInitialize automatically
144         with the application context. This config is merged in with the host app's manifest,
145         but there can only be one provider with the same authority activated at any given
146         point; so if the end user has two or more different apps that use Facebook SDK, only the
147         first one will be able to use the provider. To work around this problem, we use the
148         following placeholder in the authority to identify each host application as if it was
149         a completely different provider.
150        -->
151        <provider
151-->[com.facebook.android:facebook-core:4.42.0] AndroidManifest.xml:39:9-42:40
152            android:name="com.facebook.internal.FacebookInitProvider"
152-->[com.facebook.android:facebook-core:4.42.0] AndroidManifest.xml:40:13-70
153            android:authorities="com.example.practice03.FacebookInitProvider"
153-->[com.facebook.android:facebook-core:4.42.0] AndroidManifest.xml:41:13-72
154            android:exported="false" />
154-->[com.facebook.android:facebook-core:4.42.0] AndroidManifest.xml:42:13-37
155
156        <receiver
156-->[com.facebook.android:facebook-core:4.42.0] AndroidManifest.xml:44:9-50:20
157            android:name="com.facebook.CurrentAccessTokenExpirationBroadcastReceiver"
157-->[com.facebook.android:facebook-core:4.42.0] AndroidManifest.xml:45:13-86
158            android:exported="false" >
158-->[com.facebook.android:facebook-core:4.42.0] AndroidManifest.xml:46:13-37
159            <intent-filter>
159-->[com.facebook.android:facebook-core:4.42.0] AndroidManifest.xml:47:13-49:29
160                <action android:name="com.facebook.sdk.ACTION_CURRENT_ACCESS_TOKEN_CHANGED" />
160-->[com.facebook.android:facebook-core:4.42.0] AndroidManifest.xml:48:17-95
160-->[com.facebook.android:facebook-core:4.42.0] AndroidManifest.xml:48:25-92
161            </intent-filter>
162        </receiver>
163    </application>
164
165</manifest>